<?xml version="1.0" encoding="UTF-8"?>
<testsuite name="org.example.LinkedListTest" tests="4" skipped="0" failures="0" errors="0" timestamp="2024-09-08T15:06:22" hostname="ALESDELL" time="0.032">
  <properties/>
  <testcase name="testAddLast()" classname="org.example.LinkedListTest" time="0.027"/>
  <testcase name="testAdd()" classname="org.example.LinkedListTest" time="0.001"/>
  <testcase name="testAddFirst()" classname="org.example.LinkedListTest" time="0.001"/>
  <testcase name="testAppend()" classname="org.example.LinkedListTest" time="0.001"/>
  <system-out><![CDATA[]]></system-out>
  <system-err><![CDATA[]]></system-err>
</testsuite>
